<?xml version="1.0" encoding="UTF-8"?>
<testng-results skipped="0" failed="1" ignored="0" total="5" passed="4">
  <reporter-output>
    <line>
      <![CDATA[12345646]]>
    </line>
    <line>
      <![CDATA[12345646]]>
    </line>
    <line>
      <![CDATA[12345646]]>
    </line>
    <line>
      <![CDATA[12345646]]>
    </line>
    <line>
      <![CDATA[12345646]]>
    </line>
    <line>
      <![CDATA[12345646]]>
    </line>
    <line>
      <![CDATA[12345646]]>
    </line>
    <line>
      <![CDATA[12345646]]>
    </line>
  </reporter-output>
  <suite name="Suite" duration-ms="58149" started-at="2017-07-05T17:04:23Z" finished-at="2017-07-05T17:05:21Z">
    <groups>
    </groups>
    <test name="Test" duration-ms="58149" started-at="2017-07-05T17:04:23Z" finished-at="2017-07-05T17:05:21Z">
      <class name="scripts.InvalidLogin">
        <test-method status="PASS" signature="preCondition(org.testng.xml.XmlTest)[pri:0, instance:scripts.InvalidLogin@7c16905e]" name="preCondition" is-config="true" duration-ms="21052" started-at="2017-07-05T22:34:23Z" finished-at="2017-07-05T22:34:44Z">
          <params>
            <param index="0">
              <value>
                <![CDATA[[Test: "Test" verbose:1[parameters:][metagroups:] [included: ][excluded: ]  classes: packages:] ]]>
              </value>
            </param>
          </params>
          <reporter-output>
          </reporter-output>
        </test-method> <!-- preCondition -->
        <test-method status="PASS" signature="testInvalidLogin()[pri:0, instance:scripts.InvalidLogin@7c16905e]" name="testInvalidLogin" duration-ms="25404" started-at="2017-07-05T22:34:44Z" finished-at="2017-07-05T22:35:09Z">
          <reporter-output>
            <line>
              <![CDATA[12345646]]>
            </line>
            <line>
              <![CDATA[12345646]]>
            </line>
            <line>
              <![CDATA[12345646]]>
            </line>
            <line>
              <![CDATA[12345646]]>
            </line>
            <line>
              <![CDATA[12345646]]>
            </line>
            <line>
              <![CDATA[12345646]]>
            </line>
            <line>
              <![CDATA[12345646]]>
            </line>
            <line>
              <![CDATA[12345646]]>
            </line>
          </reporter-output>
        </test-method> <!-- testInvalidLogin -->
        <test-method status="PASS" signature="postCondition()[pri:0, instance:scripts.InvalidLogin@7c16905e]" name="postCondition" is-config="true" duration-ms="1" started-at="2017-07-05T22:35:10Z" finished-at="2017-07-05T22:35:10Z">
          <reporter-output>
          </reporter-output>
        </test-method> <!-- postCondition -->
      </class> <!-- scripts.InvalidLogin -->
      <class name="scripts.ValidLogin">
        <test-method status="PASS" signature="preCondition(org.testng.xml.XmlTest)[pri:0, instance:scripts.ValidLogin@548a9f61]" name="preCondition" is-config="true" duration-ms="21113" started-at="2017-07-05T22:34:23Z" finished-at="2017-07-05T22:34:44Z">
          <params>
            <param index="0">
              <value>
                <![CDATA[[Test: "Test" verbose:1[parameters:][metagroups:] [included: ][excluded: ]  classes: packages:] ]]>
              </value>
            </param>
          </params>
          <reporter-output>
          </reporter-output>
        </test-method> <!-- preCondition -->
        <test-method status="PASS" signature="testValidLogin()[pri:0, instance:scripts.ValidLogin@548a9f61]" name="testValidLogin" duration-ms="14645" started-at="2017-07-05T22:34:44Z" finished-at="2017-07-05T22:34:58Z">
          <reporter-output>
          </reporter-output>
        </test-method> <!-- testValidLogin -->
        <test-method status="PASS" signature="validatepage1()[pri:0, instance:scripts.ValidLogin@548a9f61]" name="validatepage1" duration-ms="111" started-at="2017-07-05T22:35:04Z" depends-on-methods="scripts.ValidLogin.testValidLogin" finished-at="2017-07-05T22:35:04Z">
          <reporter-output>
          </reporter-output>
        </test-method> <!-- validatepage1 -->
        <test-method status="PASS" signature="validatepage2()[pri:0, instance:scripts.ValidLogin@548a9f61]" name="validatepage2" duration-ms="1047" started-at="2017-07-05T22:35:04Z" depends-on-methods="scripts.ValidLogin.testValidLogin" finished-at="2017-07-05T22:35:05Z">
          <reporter-output>
          </reporter-output>
        </test-method> <!-- validatepage2 -->
        <test-method status="PASS" signature="postCondition()[pri:0, instance:scripts.ValidLogin@548a9f61]" name="postCondition" is-config="true" duration-ms="1" started-at="2017-07-05T22:35:05Z" finished-at="2017-07-05T22:35:05Z">
          <reporter-output>
          </reporter-output>
        </test-method> <!-- postCondition -->
      </class> <!-- scripts.ValidLogin -->
      <class name="scripts.VerifyBuildNumber">
        <test-method status="PASS" signature="preCondition(org.testng.xml.XmlTest)[pri:0, instance:scripts.VerifyBuildNumber@4f933fd1]" name="preCondition" is-config="true" duration-ms="21164" started-at="2017-07-05T22:34:23Z" finished-at="2017-07-05T22:34:44Z">
          <params>
            <param index="0">
              <value>
                <![CDATA[[Test: "Test" verbose:1[parameters:][metagroups:] [included: ][excluded: ]  classes: packages:] ]]>
              </value>
            </param>
          </params>
          <reporter-output>
          </reporter-output>
        </test-method> <!-- preCondition -->
        <test-method status="FAIL" signature="testVerifyBuildNumber()[pri:0, instance:scripts.VerifyBuildNumber@4f933fd1]" name="testVerifyBuildNumber" duration-ms="36504" started-at="2017-07-05T22:34:44Z" finished-at="2017-07-05T22:35:20Z">
          <exception class="org.openqa.selenium.NoSuchElementException">
            <message>
              <![CDATA[no such element: Unable to locate element: {"method":"xpath","selector":"//a[text()='About actiTIME']"}
  (Session info: chrome=59.0.3071.115)
  (Driver info: chromedriver=2.30.477700 (0057494ad8732195794a7b32078424f92a5fce41),platform=Windows NT 10.0.15063 x86_64) (WARNING: The server did not provide any stacktrace information)
Command duration or timeout: 21.44 seconds
For documentation on this error, please visit: http://seleniumhq.org/exceptions/no_such_element.html
Build info: version: '3.0.1', revision: '1969d75', time: '2016-10-18 09:48:19 -0700'
System info: host: 'DESKTOP-R83RII6', ip: '192.168.2.19', os.name: 'Windows 10', os.arch: 'amd64', os.version: '10.0', java.version: '1.8.0_121'
Driver info: org.openqa.selenium.chrome.ChromeDriver
Capabilities [{applicationCacheEnabled=false, rotatable=false, mobileEmulationEnabled=false, networkConnectionEnabled=false, chrome={chromedriverVersion=2.30.477700 (0057494ad8732195794a7b32078424f92a5fce41), userDataDir=C:\Users\SANOOP~1\AppData\Local\Temp\scoped_dir11408_27523}, takesHeapSnapshot=true, pageLoadStrategy=normal, databaseEnabled=false, handlesAlerts=true, hasTouchScreen=false, version=59.0.3071.115, platform=XP, browserConnectionEnabled=false, nativeEvents=true, acceptSslCerts=true, locationContextEnabled=true, webStorageEnabled=true, browserName=chrome, takesScreenshot=true, javascriptEnabled=true, cssSelectorsEnabled=true, unexpectedAlertBehaviour=}]
Session ID: 84c15ee736b89dfd065a72a7573629d3
*** Element info: {Using=xpath, value=//a[text()='About actiTIME']}]]>
            </message>
            <full-stacktrace>
              <![CDATA[org.openqa.selenium.NoSuchElementException: no such element: Unable to locate element: {"method":"xpath","selector":"//a[text()='About actiTIME']"}
  (Session info: chrome=59.0.3071.115)
  (Driver info: chromedriver=2.30.477700 (0057494ad8732195794a7b32078424f92a5fce41),platform=Windows NT 10.0.15063 x86_64) (WARNING: The server did not provide any stacktrace information)
Command duration or timeout: 21.44 seconds
For documentation on this error, please visit: http://seleniumhq.org/exceptions/no_such_element.html
Build info: version: '3.0.1', revision: '1969d75', time: '2016-10-18 09:48:19 -0700'
System info: host: 'DESKTOP-R83RII6', ip: '192.168.2.19', os.name: 'Windows 10', os.arch: 'amd64', os.version: '10.0', java.version: '1.8.0_121'
Driver info: org.openqa.selenium.chrome.ChromeDriver
Capabilities [{applicationCacheEnabled=false, rotatable=false, mobileEmulationEnabled=false, networkConnectionEnabled=false, chrome={chromedriverVersion=2.30.477700 (0057494ad8732195794a7b32078424f92a5fce41), userDataDir=C:\Users\SANOOP~1\AppData\Local\Temp\scoped_dir11408_27523}, takesHeapSnapshot=true, pageLoadStrategy=normal, databaseEnabled=false, handlesAlerts=true, hasTouchScreen=false, version=59.0.3071.115, platform=XP, browserConnectionEnabled=false, nativeEvents=true, acceptSslCerts=true, locationContextEnabled=true, webStorageEnabled=true, browserName=chrome, takesScreenshot=true, javascriptEnabled=true, cssSelectorsEnabled=true, unexpectedAlertBehaviour=}]
Session ID: 84c15ee736b89dfd065a72a7573629d3
*** Element info: {Using=xpath, value=//a[text()='About actiTIME']}
	at sun.reflect.NativeConstructorAccessorImpl.newInstance0(Native Method)
	at sun.reflect.NativeConstructorAccessorImpl.newInstance(NativeConstructorAccessorImpl.java:62)
	at sun.reflect.DelegatingConstructorAccessorImpl.newInstance(DelegatingConstructorAccessorImpl.java:45)
	at java.lang.reflect.Constructor.newInstance(Constructor.java:423)
	at org.openqa.selenium.remote.ErrorHandler.createThrowable(ErrorHandler.java:216)
	at org.openqa.selenium.remote.ErrorHandler.throwIfResponseFailed(ErrorHandler.java:168)
	at org.openqa.selenium.remote.RemoteWebDriver.execute(RemoteWebDriver.java:635)
	at org.openqa.selenium.remote.RemoteWebDriver.findElement(RemoteWebDriver.java:368)
	at org.openqa.selenium.remote.RemoteWebDriver.findElementByXPath(RemoteWebDriver.java:473)
	at org.openqa.selenium.By$ByXPath.findElement(By.java:361)
	at org.openqa.selenium.remote.RemoteWebDriver.findElement(RemoteWebDriver.java:360)
	at org.openqa.selenium.support.pagefactory.DefaultElementLocator.findElement(DefaultElementLocator.java:69)
	at org.openqa.selenium.support.pagefactory.internal.LocatingElementHandler.invoke(LocatingElementHandler.java:38)
	at com.sun.proxy.$Proxy7.click(Unknown Source)
	at pom.EnterTimeTrack.clickAboutActiTime(EnterTimeTrack.java:54)
	at scripts.VerifyBuildNumber.testVerifyBuildNumber(VerifyBuildNumber.java:45)
	at sun.reflect.NativeMethodAccessorImpl.invoke0(Native Method)
	at sun.reflect.NativeMethodAccessorImpl.invoke(NativeMethodAccessorImpl.java:62)
	at sun.reflect.DelegatingMethodAccessorImpl.invoke(DelegatingMethodAccessorImpl.java:43)
	at java.lang.reflect.Method.invoke(Method.java:498)
	at org.testng.internal.MethodInvocationHelper.invokeMethod(MethodInvocationHelper.java:104)
	at org.testng.internal.Invoker.invokeMethod(Invoker.java:645)
	at org.testng.internal.Invoker.invokeTestMethod(Invoker.java:851)
	at org.testng.internal.Invoker.invokeTestMethods(Invoker.java:1177)
	at org.testng.internal.TestMethodWorker.invokeTestMethods(TestMethodWorker.java:129)
	at org.testng.internal.TestMethodWorker.run(TestMethodWorker.java:112)
	at java.util.concurrent.ThreadPoolExecutor.runWorker(ThreadPoolExecutor.java:1142)
	at java.util.concurrent.ThreadPoolExecutor$Worker.run(ThreadPoolExecutor.java:617)
	at java.lang.Thread.run(Thread.java:745)
]]>
            </full-stacktrace>
          </exception> <!-- org.openqa.selenium.NoSuchElementException -->
          <reporter-output>
          </reporter-output>
        </test-method> <!-- testVerifyBuildNumber -->
        <test-method status="PASS" signature="postCondition()[pri:0, instance:scripts.VerifyBuildNumber@4f933fd1]" name="postCondition" is-config="true" duration-ms="0" started-at="2017-07-05T22:35:21Z" finished-at="2017-07-05T22:35:21Z">
          <reporter-output>
          </reporter-output>
        </test-method> <!-- postCondition -->
      </class> <!-- scripts.VerifyBuildNumber -->
    </test> <!-- Test -->
  </suite> <!-- Suite -->
</testng-results>
